<?xml version="1.0" encoding="utf-8"?><testsuites><testsuite name="pytest" errors="0" failures="0" skipped="0" tests="4" time="0.073" timestamp="2025-09-16T15:58:53.054576" hostname="VATHSAPONNAPPA"><testcase classname="app.test_main" name="test_add" time="0.001" /><testcase classname="app.test_main" name="test_sub" time="0.001" /><testcase classname="test.test_main" name="test_addition" time="0.001" /><testcase classname="test.test_main" name="test_subtaction" time="0.000" /></testsuite></testsuites>